<?xml version="1.0" encoding="UTF-8"?>
<testng-results ignored="0" total="1" passed="1" failed="0" skipped="0">
  <reporter-output>
  </reporter-output>
  <suite started-at="2022-06-10T10:21:36 IST" name="Default suite" finished-at="2022-06-10T10:21:52 IST" duration-ms="15746">
    <groups>
    </groups>
    <test started-at="2022-06-10T10:21:36 IST" name="Default test" finished-at="2022-06-10T10:21:52 IST" duration-ms="15746">
      <class name="testAutomation.TestAutomationWithTestNG">
        <test-method is-config="true" signature="browserLaunch()[pri:0, instance:testAutomation.TestAutomationWithTestNG@6a192cfe]" started-at="2022-06-10T10:21:36 IST" name="browserLaunch" finished-at="2022-06-10T10:21:52 IST" duration-ms="15278" status="PASS">
          <reporter-output>
          </reporter-output>
        </test-method> <!-- browserLaunch -->
        <test-method signature="verifyHomepageTitle()[pri:0, instance:testAutomation.TestAutomationWithTestNG@6a192cfe]" started-at="2022-06-10T10:21:52 IST" name="verifyHomepageTitle" finished-at="2022-06-10T10:21:52 IST" duration-ms="36" status="PASS">
          <reporter-output>
          </reporter-output>
        </test-method> <!-- verifyHomepageTitle -->
        <test-method is-config="true" signature="closeBrowser()[pri:0, instance:testAutomation.TestAutomationWithTestNG@6a192cfe]" started-at="2022-06-10T10:21:52 IST" name="closeBrowser" finished-at="2022-06-10T10:21:52 IST" duration-ms="262" status="PASS">
          <reporter-output>
          </reporter-output>
        </test-method> <!-- closeBrowser -->
      </class> <!-- testAutomation.TestAutomationWithTestNG -->
    </test> <!-- Default test -->
  </suite> <!-- Default suite -->
</testng-results>
